TN:
SF:c:\code\plugins\vpaginator\src\utils.js
FN:6,merge_objects
FN:17,getNestedValue
FNF:2
FNH:2
FNDA:1,merge_objects
FNDA:1,getNestedValue
DA:0,1
DA:1,1
DA:2,1
DA:3,2
DA:4,2
DA:5,1
DA:8,1
DA:9,1
DA:10,1
DA:11,1
DA:12,1
DA:13,4
DA:15,1
DA:16,1
DA:19,1
LF:15
LH:15
BRDA:24,1,0,0
BRDA:24,1,1,1
BRF:2
BRH:1
end_of_record
TN:
SF:c:\code\plugins\vpaginator\src\VPaginator.vue
FN:23,_default
FN:28,data
FN:47,resource_url
FN:52,fetchData
FN:54,(anonymous_5)
FN:56,(anonymous_6)
FN:60,handleResponseData
FN:64,makePagination
FN:70,setPaginationDataGlobally
FN:80,initConfig
FN:84,created
FNF:11
FNH:0
FNDA:0,_default
FNDA:0,data
FNDA:0,resource_url
FNDA:0,fetchData
FNDA:0,(anonymous_5)
FNDA:0,(anonymous_6)
FNDA:0,handleResponseData
FNDA:0,makePagination
FNDA:0,setPaginationDataGlobally
FNDA:0,initConfig
FNDA:0,created
DA:0,1
DA:14,1
DA:30,0
DA:35,0
DA:53,0
DA:58,0
DA:59,0
DA:61,0
DA:63,0
DA:67,0
DA:68,0
DA:72,0
DA:73,0
DA:74,0
DA:75,0
DA:78,0
DA:79,0
DA:80,0
DA:81,0
DA:82,0
DA:85,0
DA:89,0
DA:93,0
DA:94,0
LF:24
LH:2
BRDA:53,1,0,0
BRDA:53,1,1,0
BRF:2
BRH:0
end_of_record
TN:
SF:c:\code\plugins\vpaginator\src\index.js
FN:7,_interopRequireDefault
FNF:1
FNH:1
FNDA:1,_interopRequireDefault
DA:0,1
DA:1,1
DA:2,1
DA:4,1
DA:5,1
DA:7,1
LF:6
LH:6
BRDA:7,1,0,0
BRDA:7,1,1,1
BRDA:7,2,0,1
BRDA:7,2,1,1
BRF:4
BRH:4
end_of_record
